                            -----------Time Stamp: 2018-05-04 14:26:39.0313----------                             Log Level: Info
                                       Logger Name : Hegic.Core.Common.NLogManager
                            Log Message : Index page called
                            Exception Message: 
                     Browser Detail:  
                             Session Id: 
                            -----------Time Stamp: 2018-05-04 14:26:40.5999----------                             Log Level: Info
                                       Logger Name : Hegic.Core.Common.NLogManager
                            Log Message : LogInfoActivityMessage model
                            Exception Message: 
                     Browser Detail:  Chrome 1.0
                             Session Id: sadsadsadasdkasdjasdjklasl
                            -----------Time Stamp: 2018-05-04 18:05:40.3794----------                             Log Level: Error
                                       Logger Name : Hegic.Core.Common.NLogManager
                            Log Message : Attempted to divide by zero.
                            Exception Message: 
                     Browser Detail:  
                             Session Id: 
                            -----------Time Stamp: 2018-05-04 18:06:09.5710----------                             Log Level: Error
                                       Logger Name : Hegic.Core.Common.NLogManager
                            Log Message : Attempted to divide by zero.
                            Exception Message: 
                     Browser Detail:  
                             Session Id: 
                            -----------Time Stamp: 2018-05-04 18:24:44.9550----------                             Log Level: Error
                                       Logger Name : Hegic.Core.Common.NLogManager
                            Log Message : Attempted to divide by zero.
                            Exception Message: 
                     Browser Detail:  
                             Session Id: 
                            -----------Time Stamp: 2018-05-04 18:34:27.0489----------                             Log Level: Error
                                       Logger Name : Hegic.Core.Common.NLogManager
                            Log Message : Attempted to divide by zero.
                            Exception Message: 
                     Browser Detail:  
                             Session Id: 
                            -----------Time Stamp: 2018-05-04 18:41:14.7013----------                             Log Level: Error
                                       Logger Name : Hegic.Core.Common.NLogManager
                            Log Message : Attempted to divide by zero.
                            Exception Message: 
                     Browser Detail:  
                             Session Id: 
                            -----------Time Stamp: 2018-05-04 19:01:13.1683----------                             Log Level: Error
                                       Logger Name : Hegic.Core.Common.NLogManager
                            Log Message : Attempted to divide by zero.
                            Exception Message:    at HegicMvc_Poc.Controllers.VehicleController.GenerateError() in C:\Users\morianki\Documents\Visual Studio 2017\Project\HegicMvc_Poc\HegicMvc_Poc\Controllers\VehicleController.cs:line 55
   at Microsoft.Extensions.Internal.ObjectMethodExecutor.<>c__DisplayClass33_0.<WrapVoidMethod>b__0(Object target, Object[] parameters)
   at Microsoft.Extensions.Internal.ObjectMethodExecutor.Execute(Object target, Object[] parameters)
   at Microsoft.AspNetCore.Mvc.Internal.ControllerActionInvoker.<InvokeActionMethodAsync>d__12.MoveNext()
--- End of stack trace from previous location where exception was thrown ---
   at System.Runtime.ExceptionServices.ExceptionDispatchInfo.Throw()
   at System.Runtime.CompilerServices.TaskAwaiter.HandleNonSuccessAndDebuggerNotification(Task task)
   at Microsoft.AspNetCore.Mvc.Internal.ControllerActionInvoker.<InvokeNextActionFilterAsync>d__10.MoveNext()
--- End of stack trace from previous location where exception was thrown ---
   at System.Runtime.ExceptionServices.ExceptionDispatchInfo.Throw()
   at Microsoft.AspNetCore.Mvc.Internal.ControllerActionInvoker.Rethrow(ActionExecutedContext context)
   at Microsoft.AspNetCore.Mvc.Internal.ControllerActionInvoker.Next(State& next, Scope& scope, Object& state, Boolean& isCompleted)
   at Microsoft.AspNetCore.Mvc.Internal.ControllerActionInvoker.<InvokeInnerFilterAsync>d__14.MoveNext()
--- End of stack trace from previous location where exception was thrown ---
   at System.Runtime.ExceptionServices.ExceptionDispatchInfo.Throw()
   at System.Runtime.CompilerServices.TaskAwaiter.HandleNonSuccessAndDebuggerNotification(Task task)
   at Microsoft.AspNetCore.Mvc.Internal.ResourceInvoker.<InvokeNextExceptionFilterAsync>d__23.MoveNext()
                     Browser Detail:  Chrome 1.0
                             Session Id: sadsadsadasdkasdjasdjklasl
